09:20 Введение
11:00 Упражнения
11:15 Перерыв
11:35 Скаляры
12:30 Обеденный перерыв
13:30 Упражнения
14:10 Решения
14:30 Перерыв
14:40 Массивы
15:40 Упражнения
17:00 Решения
17:30 Конец

09:30 Углубленное изучение массивов
10:30 Перерыв
10:50 Упражнения
12:30 Обеденный перерыв
13:30 Решения
14:30 Векторы
15:40 Перерыв
15:50 Дифференциальные уравнения
17:00 Решения
18:10 Конец

09:30 Компклексные числа
10:30 Решения
10:50 Упражнения
12:30 Обеденный перерыв
13:30 Производные первого порядка
14:30 Упражнения
15:30 Перерыв
15:50 Решения
18:00 Конец

09:30 Векторы
10:30 Перерыв
10:40 Дифференциальные уравнения
11:40 Перерыв
11:50 Скаляры
12:50 Обеденный перерыв
13:50 Производные первого порядка
14:50 Упражнения
15:50 Решения
18:00 Конец
